  main.cpp
c:\users\tristan\documents\github\tickets-please\src\tickets-please\glfw_example\shader.h(73): warning C4101: 'infoLog': unreferenced local variable
c:\users\tristan\documents\github\tickets-please\src\tickets-please\glfw_example\shader.h(72): warning C4101: 'success': unreferenced local variable
c:\users\tristan\documents\github\tickets-please\src\tickets-please\glfw_example\shader.h(157): warning C4101: 'infoLog': unreferenced local variable
c:\users\tristan\documents\github\tickets-please\src\tickets-please\glfw_example\shader.h(156): warning C4101: 'success': unreferenced local variable
c:\users\tristan\documents\github\tickets-please\src\tickets-please\glfw_example\main.cpp(241): warning C4244: 'initializing': conversion from 'double' to 'float', possible loss of data
c:\users\tristan\documents\github\tickets-please\src\tickets-please\glfw_example\main.cpp(234): warning C4101: 'viewport': unreferenced local variable
c:\users\tristan\documents\github\tickets-please\src\tickets-please\glfw_example\main.cpp(376): warning C4101: 'res': unreferenced local variable
c:\users\tristan\documents\github\tickets-please\src\tickets-please\glfw_example\main.cpp(377): warning C4101: 'viewport': unreferenced local variable
c:\users\tristan\documents\github\tickets-please\src\tickets-please\glfw_example\main.cpp(406): warning C4244: '=': conversion from 'double' to 'float', possible loss of data
c:\users\tristan\documents\github\tickets-please\src\tickets-please\glfw_example\main.cpp(407): warning C4244: '=': conversion from 'double' to 'float', possible loss of data
c:\users\tristan\documents\github\tickets-please\src\tickets-please\glfw_example\main.cpp(410): warning C4244: '=': conversion from 'double' to 'float', possible loss of data
c:\users\tristan\documents\github\tickets-please\src\tickets-please\glfw_example\main.cpp(411): warning C4244: '=': conversion from 'double' to 'float', possible loss of data
c:\users\tristan\documents\github\tickets-please\src\tickets-please\glfw_example\main.cpp(415): warning C4244: 'initializing': conversion from 'double' to 'float', possible loss of data
c:\users\tristan\documents\github\tickets-please\src\tickets-please\glfw_example\main.cpp(416): warning C4244: 'initializing': conversion from 'double' to 'float', possible loss of data
c:\users\tristan\documents\github\tickets-please\src\tickets-please\glfw_example\main.cpp(418): warning C4244: '=': conversion from 'double' to 'float', possible loss of data
c:\users\tristan\documents\github\tickets-please\src\tickets-please\glfw_example\main.cpp(419): warning C4244: '=': conversion from 'double' to 'float', possible loss of data
c:\users\tristan\documents\github\tickets-please\src\tickets-please\glfw_example\main.cpp(428): warning C4244: 'argument': conversion from 'double' to 'float', possible loss of data
main.obj : warning LNK4075: ignoring '/EDITANDCONTINUE' due to '/OPT:LBR' specification
LINK : warning LNK4098: defaultlib 'MSVCRT' conflicts with use of other libs; use /NODEFAULTLIB:library
  GLFW_EXAMPLE.vcxproj -> C:\Users\Tristan\Documents\GitHub\tickets-please\src\tickets-please\Debug\GLFW_EXAMPLE1.exe
